<?xml version="1.0" encoding="UTF-8"?>
<!-- Generated by org.testng.reporters.JUnitReportReporter -->
<testsuite hostname="iosbuildserver.attlocal.net" name="twc.Regression.TestCases.GDPR_Run" tests="14" failures="0" timestamp="20 Aug 2020 17:25:16 GMT" time="912.861" errors="0">
  <testcase name="Verifying_Supress_amazon_Slotid_Hourlydetails_preload_adcall_GDPRPrivacy" time="0.020" classname="twc.Regression.TestCases.GDPR_Run"/>
  <testcase name="Verifying_Loatme_adcrwdcntrlnet_apiCall_supressing_GDPR_Privacy" time="0.093" classname="twc.Regression.TestCases.GDPR_Run"/>
  <testcase name="Verifying_supress_amazon_Slotid_video_adcall_GDPRPrivacy" time="0.018" classname="twc.Regression.TestCases.GDPR_Run"/>
  <testcase name="Verifying_Loatme_bcpcrwdcntrlnet_apiCall_supressing_GDPR_Privacy" time="0.044" classname="twc.Regression.TestCases.GDPR_Run"/>
  <testcase name="Verifying_Factual_locationwfxtriggerscom_apiCall_supressing_GDPR_Privacy" time="0.026" classname="twc.Regression.TestCases.GDPR_Run"/>
  <testcase name="Verifying_Supress_amazon_Slotid_homescreenhourly_preload_adcall_GDPRPrivacy" time="0.023" classname="twc.Regression.TestCases.GDPR_Run"/>
  <testcase name="Verifying_supress_amazon_Slotid_mapsdetails_preload_adcall_GDPRPrivacy" time="0.016" classname="twc.Regression.TestCases.GDPR_Run"/>
  <testcase name="Verifying_supress_amazon_Slotid_Hourly3_bigaddetails_preload_adcall_GDPRPrivacy" time="0.018" classname="twc.Regression.TestCases.GDPR_Run"/>
  <testcase name="Verifying_supress_amazon_Slotid_feed2_preroladcall_GDPRPrivacy" time="0.021" classname="twc.Regression.TestCases.GDPR_Run"/>
  <testcase name="Verifying_supress_amazon_Slotid_Dailydetails_preload_adcall_GDPRPrivacy" time="0.022" classname="twc.Regression.TestCases.GDPR_Run"/>
  <testcase name="preConditionsTest_for_GDPR" time="912.505" classname="twc.Regression.TestCases.GDPR_Run"/>
  <testcase name="Verifying_supress_amazon_Slotid_feed1_preroladcall_GDPRPrivacy" time="0.015" classname="twc.Regression.TestCases.GDPR_Run"/>
  <testcase name="Verifying_supress_amazon_Slotid_Hourly2_bigaddetails_preload_adcall_GDPRPrivacy" time="0.020" classname="twc.Regression.TestCases.GDPR_Run"/>
  <testcase name="Verifying_Supress_amazon_Slotid_Hourly1_bigaddetails_preload_adcall_GDPRPrivacy" time="0.020" classname="twc.Regression.TestCases.GDPR_Run"/>
</testsuite> <!-- twc.Regression.TestCases.GDPR_Run -->
