<?xml version="1.0" encoding="UTF-8"?>
<!-- Generated by org.testng.reporters.JUnitReportReporter -->
<testsuite hostname="iosbuildserver.attlocal.net" name="twc.Regression.TestCases.USA_CCPA_Run" tests="49" failures="4" timestamp="20 Aug 2020 19:49:54 GMT" time="1205.277" errors="0">
  <testcase name="Verifying_SOD_Cust_Param_homescreenhourly_adCall_USA_CCPA_Privacy_StandardAdvertisingSettings" time="0.032" classname="twc.Regression.TestCases.USA_CCPA_Run"/>
  <testcase name="Verifying_Loatme_bcpcrwdcntrlnet_apiCall_supressing_USA_CCPA_Privacy_DoNotSellMyInformation" time="0.600" classname="twc.Regression.TestCases.USA_CCPA_Run"/>
  <testcase name="Verifying_rdp_equals_1_homescreenmarquee_adCall_USA_CCPA_Privacy_DoNotSellMyInformation" time="0.336" classname="twc.Regression.TestCases.USA_CCPA_Run"/>
  <testcase name="Verifying_SOD_Cust_Param_homescreenmarquee_adCall_USA_CCPA_Privacy_DoNotSellMyInformation" time="0.304" classname="twc.Regression.TestCases.USA_CCPA_Run"/>
  <testcase name="Verifying_presence_amazon_Slotid_homescreenhourly_preload_adcall_USA_CCPA_Privacy_StandardAdvertisingSettings" time="0.030" classname="twc.Regression.TestCases.USA_CCPA_Run"/>
  <testcase name="Verifying_video_adCall_Presence_USA_CCPA_Privacy_StandardAdvertisingSettings" time="0.033" classname="twc.Regression.TestCases.USA_CCPA_Run">
    <failure type="java.lang.AssertionError" message="iu=/7646/app_android_us/video call was not trigred">
      <![CDATA[java.lang.AssertionError: iu=/7646/app_android_us/video call was not trigred
	at org.testng.Assert.fail(Assert.java:94)
	at twc.Regression.General.Functions.Verify_video_ad_call_Optoutmode(Functions.java:2974)
	at twc.Regression.TestCases.USA_CCPA_Run.Verifying_video_adCall_Presence_USA_CCPA_Privacy_StandardAdvertisingSettings(USA_CCPA_Run.java:582)
	at sun.reflect.NativeMethodAccessorImpl.invoke0(Native Method)
	at sun.reflect.NativeMethodAccessorImpl.invoke(NativeMethodAccessorImpl.java:62)
	at sun.reflect.DelegatingMethodAccessorImpl.invoke(DelegatingMethodAccessorImpl.java:43)
	at java.lang.reflect.Method.invoke(Method.java:498)
	at org.testng.internal.MethodInvocationHelper.invokeMethod(MethodInvocationHelper.java:85)
	at org.testng.internal.Invoker.invokeMethod(Invoker.java:659)
	at org.testng.internal.Invoker.invokeTestMethod(Invoker.java:845)
	at org.testng.internal.Invoker.invokeTestMethods(Invoker.java:1153)
	at org.testng.internal.TestMethodWorker.invokeTestMethods(TestMethodWorker.java:125)
	at org.testng.internal.TestMethodWorker.run(TestMethodWorker.java:108)
	at org.testng.TestRunner.privateRun(TestRunner.java:771)
	at org.testng.TestRunner.run(TestRunner.java:621)
	at org.testng.SuiteRunner.runTest(SuiteRunner.java:357)
	at org.testng.SuiteRunner.runSequentially(SuiteRunner.java:352)
	at org.testng.SuiteRunner.privateRun(SuiteRunner.java:310)
	at org.testng.SuiteRunner.run(SuiteRunner.java:259)
	at org.testng.SuiteRunnerWorker.runSuite(SuiteRunnerWorker.java:52)
	at org.testng.SuiteRunnerWorker.run(SuiteRunnerWorker.java:86)
	at org.testng.TestNG.runSuitesSequentially(TestNG.java:1199)
	at org.testng.TestNG.runSuitesLocally(TestNG.java:1124)
	at org.testng.TestNG.run(TestNG.java:1032)
	at org.testng.remote.AbstractRemoteTestNG.run(AbstractRemoteTestNG.java:132)
	at org.testng.remote.RemoteTestNG.initAndRun(RemoteTestNG.java:236)
	at org.testng.remote.RemoteTestNG.main(RemoteTestNG.java:81)
]]>
    </failure>
  </testcase> <!-- Verifying_video_adCall_Presence_USA_CCPA_Privacy_StandardAdvertisingSettings -->
  <testcase name="Verifying_homescreenmarquee_adCall_Presence_USA_CCPA_Privacy_DoNotSellMyInformation" time="0.250" classname="twc.Regression.TestCases.USA_CCPA_Run"/>
  <testcase name="Verifying_supress_amazon_Slotid_feed2_preroladcall_USA_CCPA_Privacy_DoNotSellMyInformation" time="0.389" classname="twc.Regression.TestCases.USA_CCPA_Run"/>
  <testcase name="Smoke_Test_Selecting_Optin_mode_scenario" time="525.645" classname="twc.Regression.TestCases.USA_CCPA_Run"/>
  <testcase name="Verifying_presence_amazon_Slotid_Dailydetails_preload_adcall_USA_CCPA_Privacy_StandardAdvertisingSettings" time="0.036" classname="twc.Regression.TestCases.USA_CCPA_Run"/>
  <testcase name="Verifying_rdp_keyword_supress_homescreenHourly_adCall_USA_CCPA_Privacy_StandardAdvertisingSettings" time="0.038" classname="twc.Regression.TestCases.USA_CCPA_Run"/>
  <testcase name="Verifying_Factual_locationwfxtriggerscom_apiCall_supressing_USA_CCPA_Privacy_DoNotSellMyInformation" time="0.577" classname="twc.Regression.TestCases.USA_CCPA_Run"/>
  <testcase name="Verifying_Loatme_bcpcrwdcntrlnet_apiCall_presence_USA_CCPA_Privacy_StandardAdvertisingSettings" time="135.472" classname="twc.Regression.TestCases.USA_CCPA_Run"/>
  <testcase name="Verifying_Supress_amazon_Slotid_Hourly1_bigaddetails_preload_adcall_USA_CCPA_Privacy_DoNotSellMyInformation" time="0.313" classname="twc.Regression.TestCases.USA_CCPA_Run"/>
  <testcase name="Verifying_supress_amazon_Slotid_video_adcall_USA_CCPA_Privacy_DoNotSellMyInformation" time="0.302" classname="twc.Regression.TestCases.USA_CCPA_Run"/>
  <testcase name="Verifying_SOD_Cust_Param_videos_adCall_USA_CCPA_Privacy_DoNotSellMyInformation" time="0.290" classname="twc.Regression.TestCases.USA_CCPA_Run"/>
  <testcase name="Verifying_rdp_equals_1_homescreenHourly_adCall_USA_CCPA_Privacy_DoNotSellMyInformation" time="0.296" classname="twc.Regression.TestCases.USA_CCPA_Run"/>
  <testcase name="Verifying_rdp_keyword_supress_videos_Call_USA_CCPA_Privacy_StandardAdvertisingSettings" time="0.033" classname="twc.Regression.TestCases.USA_CCPA_Run">
    <failure type="java.lang.AssertionError" message="RDP key word preseted in iu=%2F7646%2Fapp_android_us%2Fvideo ad call url">
      <![CDATA[java.lang.AssertionError: RDP key word preseted in iu=%2F7646%2Fapp_android_us%2Fvideo ad call url
	at org.testng.Assert.fail(Assert.java:94)
	at twc.Regression.General.Functions.validate_RDP_video_ad_Optinmode(Functions.java:4595)
	at twc.Regression.TestCases.USA_CCPA_Run.Verifying_rdp_keyword_supress_videos_Call_USA_CCPA_Privacy_StandardAdvertisingSettings(USA_CCPA_Run.java:603)
	at sun.reflect.NativeMethodAccessorImpl.invoke0(Native Method)
	at sun.reflect.NativeMethodAccessorImpl.invoke(NativeMethodAccessorImpl.java:62)
	at sun.reflect.DelegatingMethodAccessorImpl.invoke(DelegatingMethodAccessorImpl.java:43)
	at java.lang.reflect.Method.invoke(Method.java:498)
	at org.testng.internal.MethodInvocationHelper.invokeMethod(MethodInvocationHelper.java:85)
	at org.testng.internal.Invoker.invokeMethod(Invoker.java:659)
	at org.testng.internal.Invoker.invokeTestMethod(Invoker.java:845)
	at org.testng.internal.Invoker.invokeTestMethods(Invoker.java:1153)
	at org.testng.internal.TestMethodWorker.invokeTestMethods(TestMethodWorker.java:125)
	at org.testng.internal.TestMethodWorker.run(TestMethodWorker.java:108)
	at org.testng.TestRunner.privateRun(TestRunner.java:771)
	at org.testng.TestRunner.run(TestRunner.java:621)
	at org.testng.SuiteRunner.runTest(SuiteRunner.java:357)
	at org.testng.SuiteRunner.runSequentially(SuiteRunner.java:352)
	at org.testng.SuiteRunner.privateRun(SuiteRunner.java:310)
	at org.testng.SuiteRunner.run(SuiteRunner.java:259)
	at org.testng.SuiteRunnerWorker.runSuite(SuiteRunnerWorker.java:52)
	at org.testng.SuiteRunnerWorker.run(SuiteRunnerWorker.java:86)
	at org.testng.TestNG.runSuitesSequentially(TestNG.java:1199)
	at org.testng.TestNG.runSuitesLocally(TestNG.java:1124)
	at org.testng.TestNG.run(TestNG.java:1032)
	at org.testng.remote.AbstractRemoteTestNG.run(AbstractRemoteTestNG.java:132)
	at org.testng.remote.RemoteTestNG.initAndRun(RemoteTestNG.java:236)
	at org.testng.remote.RemoteTestNG.main(RemoteTestNG.java:81)
]]>
    </failure>
  </testcase> <!-- Verifying_rdp_keyword_supress_videos_Call_USA_CCPA_Privacy_StandardAdvertisingSettings -->
  <testcase name="Verifying_rdp_equals_1_Videos_adCall_USA_CCPA_Privacy_DoNotSellMyInformation" time="0.274" classname="twc.Regression.TestCases.USA_CCPA_Run"/>
  <testcase name="Verifying_SOD_Cust_Param_homescreenhourly_adCall_USA_CCPA_Privacy_DoNotSellMyInformation" time="0.288" classname="twc.Regression.TestCases.USA_CCPA_Run"/>
  <testcase name="Verifying_PrivacyCard_PresenceonScreen" time="200.784" classname="twc.Regression.TestCases.USA_CCPA_Run"/>
  <testcase name="Verifying_presence_amazon_Slotid_Hourlydetails_preload_adcall_USA_CCPA_Privacy_StandardAdvertisingSettings" time="0.031" classname="twc.Regression.TestCases.USA_CCPA_Run"/>
  <testcase name="Verifying_Loatme_adcrwdcntrlnet_apiCall_supressing_USA_CCPA_Privacy_DoNotSellMyInformation" time="33.156" classname="twc.Regression.TestCases.USA_CCPA_Run"/>
  <testcase name="Verifying_presence_amazon_Slotid_mapsdetails_preload_adcall_USA_CCPA_Privacy_StandardAdvertisingSettings" time="0.068" classname="twc.Regression.TestCases.USA_CCPA_Run"/>
  <testcase name="Verifying_presence_amazon_Slotid_feed2_preroladcall_USA_CCPA_Privacy_StandardAdvertisingSettings" time="0.036" classname="twc.Regression.TestCases.USA_CCPA_Run"/>
  <testcase name="Smoke_Test_Verifying_SOD_Cust_Param_videoad_Optin_mode_scenario" time="0.038" classname="twc.Regression.TestCases.USA_CCPA_Run">
    <failure type="java.lang.AssertionError" message="iu=%2F7646%2Fapp_android_us%2Fvideo ad call was not trigred">
      <![CDATA[java.lang.AssertionError: iu=%2F7646%2Fapp_android_us%2Fvideo ad call was not trigred
	at org.testng.Assert.fail(Assert.java:94)
	at twc.Regression.General.Functions.validate_SOD_Cust_param_video_Optinmode(Functions.java:4148)
	at twc.Regression.TestCases.USA_CCPA_Run.Smoke_Test_Verifying_SOD_Cust_Param_videoad_Optin_mode_scenario(USA_CCPA_Run.java:594)
	at sun.reflect.NativeMethodAccessorImpl.invoke0(Native Method)
	at sun.reflect.NativeMethodAccessorImpl.invoke(NativeMethodAccessorImpl.java:62)
	at sun.reflect.DelegatingMethodAccessorImpl.invoke(DelegatingMethodAccessorImpl.java:43)
	at java.lang.reflect.Method.invoke(Method.java:498)
	at org.testng.internal.MethodInvocationHelper.invokeMethod(MethodInvocationHelper.java:85)
	at org.testng.internal.Invoker.invokeMethod(Invoker.java:659)
	at org.testng.internal.Invoker.invokeTestMethod(Invoker.java:845)
	at org.testng.internal.Invoker.invokeTestMethods(Invoker.java:1153)
	at org.testng.internal.TestMethodWorker.invokeTestMethods(TestMethodWorker.java:125)
	at org.testng.internal.TestMethodWorker.run(TestMethodWorker.java:108)
	at org.testng.TestRunner.privateRun(TestRunner.java:771)
	at org.testng.TestRunner.run(TestRunner.java:621)
	at org.testng.SuiteRunner.runTest(SuiteRunner.java:357)
	at org.testng.SuiteRunner.runSequentially(SuiteRunner.java:352)
	at org.testng.SuiteRunner.privateRun(SuiteRunner.java:310)
	at org.testng.SuiteRunner.run(SuiteRunner.java:259)
	at org.testng.SuiteRunnerWorker.runSuite(SuiteRunnerWorker.java:52)
	at org.testng.SuiteRunnerWorker.run(SuiteRunnerWorker.java:86)
	at org.testng.TestNG.runSuitesSequentially(TestNG.java:1199)
	at org.testng.TestNG.runSuitesLocally(TestNG.java:1124)
	at org.testng.TestNG.run(TestNG.java:1032)
	at org.testng.remote.AbstractRemoteTestNG.run(AbstractRemoteTestNG.java:132)
	at org.testng.remote.RemoteTestNG.initAndRun(RemoteTestNG.java:236)
	at org.testng.remote.RemoteTestNG.main(RemoteTestNG.java:81)
]]>
    </failure>
  </testcase> <!-- Smoke_Test_Verifying_SOD_Cust_Param_videoad_Optin_mode_scenario -->
  <testcase name="Verifying_supress_amazon_Slotid_Dailydetails_preload_adcall_USA_CCPA_Privacy_DoNotSellMyInformation" time="0.495" classname="twc.Regression.TestCases.USA_CCPA_Run"/>
  <testcase name="Verifying_supress_amazon_Slotid_Hourly2_bigaddetails_preload_adcall_USA_CCPA_Privacy_DoNotSellMyInformation" time="0.343" classname="twc.Regression.TestCases.USA_CCPA_Run"/>
  <testcase name="Verifying_homescreenhourly_adCall_Presence_USA_CCPA_Privacy_StandardAdvertisingSettings" time="0.032" classname="twc.Regression.TestCases.USA_CCPA_Run"/>
  <testcase name="Verifying_Supress_amazon_Slotid_homescreenhourly_preload_adcall_USA_CCPA_Privacy_DoNotSellMyInformation" time="0.381" classname="twc.Regression.TestCases.USA_CCPA_Run"/>
  <testcase name="Verifying_Supress_amazon_Slotid_Hourlydetails_preload_adcall_USA_CCPA_Privacy_DoNotSellMyInformation" time="0.595" classname="twc.Regression.TestCases.USA_CCPA_Run"/>
  <testcase name="Verifying_presence_amazon_Slotid_video_adcall_USA_CCPA_Privacy_StandardAdvertisingSettings" time="0.068" classname="twc.Regression.TestCases.USA_CCPA_Run"/>
  <testcase name="Verifying_presence_amazon_Slotid_Hourly2_bigaddetails_preload_adcall_USA_CCPA_Privacy_StandardAdvertisingSettings" time="0.049" classname="twc.Regression.TestCases.USA_CCPA_Run"/>
  <testcase name="Verifying_SOD_Cust_Param_mapsdetails_adCall_USACCPA_Privacy_StandardAdvertisingSettings" time="0.031" classname="twc.Regression.TestCases.USA_CCPA_Run"/>
  <testcase name="Verifying_presence_amazon_Slotid_feed1_preroladcall_USA_CCPA_Privacy_StandardAdvertisingSettings" time="0.032" classname="twc.Regression.TestCases.USA_CCPA_Run"/>
  <testcase name="Verifying_homescreenhourly_adCall_Presence_USA_CCPA_Privacy_DoNotSellMyInformation" time="0.267" classname="twc.Regression.TestCases.USA_CCPA_Run"/>
  <testcase name="Verifying_supress_amazon_Slotid_Hourly3_bigaddetails_preload_adcall_USA_CCPA_Privacy_DoNotSellMyInformation" time="0.295" classname="twc.Regression.TestCases.USA_CCPA_Run"/>
  <testcase name="preConditionsTest_for_USA_CCPA" time="171.826" classname="twc.Regression.TestCases.USA_CCPA_Run"/>
  <testcase name="Verifying_rdp_keyword_supress_homescreenmarquee_adCall_USA_CCPA_Privacy_StandardAdvertisingSettings" time="0.027" classname="twc.Regression.TestCases.USA_CCPA_Run"/>
  <testcase name="Verifying_supress_amazon_Slotid_mapsdetails_preload_adcall_USA_CCPA_Privacy_DoNotSellMyInformation" time="0.305" classname="twc.Regression.TestCases.USA_CCPA_Run"/>
  <testcase name="Verifying_SOD_Cust_Param_mapsdetails_adCall_USA_CCPA_Privacy_DoNotSellMyInformation" time="0.339" classname="twc.Regression.TestCases.USA_CCPA_Run"/>
  <testcase name="Verifying_presence_amazon_Slotid_Hourly3_bigaddetails_preload_adcall_USA_CCPA_Privacy_StandardAdvertisingSettings" time="0.037" classname="twc.Regression.TestCases.USA_CCPA_Run"/>
  <testcase name="Verifying_homescreenmarquee_adCall_Presence_USA_CCPA_Privacy_StandardAdvertisingSettings" time="0.031" classname="twc.Regression.TestCases.USA_CCPA_Run"/>
  <testcase name="Selecting_DoNotSellMyInformation_scenario" time="129.685" classname="twc.Regression.TestCases.USA_CCPA_Run"/>
  <testcase name="Verifying_Factual_locationwfxtriggerscom_apiCall_presence_USA_CCPA_Privacy_StandardAdvertisingSettings" time="0.046" classname="twc.Regression.TestCases.USA_CCPA_Run">
    <failure type="java.lang.AssertionError" message="https://location.wfxtriggers.com url was not trigred">
      <![CDATA[java.lang.AssertionError: https://location.wfxtriggers.com url was not trigred
	at org.testng.Assert.fail(Assert.java:94)
	at twc.Regression.General.Functions.validating_Fatualcall_privacy_Optinmode_scenarion(Functions.java:3934)
	at twc.Regression.TestCases.USA_CCPA_Run.Verifying_Factual_locationwfxtriggerscom_apiCall_presence_USA_CCPA_Privacy_StandardAdvertisingSettings(USA_CCPA_Run.java:394)
	at sun.reflect.NativeMethodAccessorImpl.invoke0(Native Method)
	at sun.reflect.NativeMethodAccessorImpl.invoke(NativeMethodAccessorImpl.java:62)
	at sun.reflect.DelegatingMethodAccessorImpl.invoke(DelegatingMethodAccessorImpl.java:43)
	at java.lang.reflect.Method.invoke(Method.java:498)
	at org.testng.internal.MethodInvocationHelper.invokeMethod(MethodInvocationHelper.java:85)
	at org.testng.internal.Invoker.invokeMethod(Invoker.java:659)
	at org.testng.internal.Invoker.invokeTestMethod(Invoker.java:845)
	at org.testng.internal.Invoker.invokeTestMethods(Invoker.java:1153)
	at org.testng.internal.TestMethodWorker.invokeTestMethods(TestMethodWorker.java:125)
	at org.testng.internal.TestMethodWorker.run(TestMethodWorker.java:108)
	at org.testng.TestRunner.privateRun(TestRunner.java:771)
	at org.testng.TestRunner.run(TestRunner.java:621)
	at org.testng.SuiteRunner.runTest(SuiteRunner.java:357)
	at org.testng.SuiteRunner.runSequentially(SuiteRunner.java:352)
	at org.testng.SuiteRunner.privateRun(SuiteRunner.java:310)
	at org.testng.SuiteRunner.run(SuiteRunner.java:259)
	at org.testng.SuiteRunnerWorker.runSuite(SuiteRunnerWorker.java:52)
	at org.testng.SuiteRunnerWorker.run(SuiteRunnerWorker.java:86)
	at org.testng.TestNG.runSuitesSequentially(TestNG.java:1199)
	at org.testng.TestNG.runSuitesLocally(TestNG.java:1124)
	at org.testng.TestNG.run(TestNG.java:1032)
	at org.testng.remote.AbstractRemoteTestNG.run(AbstractRemoteTestNG.java:132)
	at org.testng.remote.RemoteTestNG.initAndRun(RemoteTestNG.java:236)
	at org.testng.remote.RemoteTestNG.main(RemoteTestNG.java:81)
]]>
    </failure>
  </testcase> <!-- Verifying_Factual_locationwfxtriggerscom_apiCall_presence_USA_CCPA_Privacy_StandardAdvertisingSettings -->
  <testcase name="Verifying_videos_adCall_Presence_USA_CCPA_Privacy_DoNotSellMyInformation" time="0.253" classname="twc.Regression.TestCases.USA_CCPA_Run"/>
  <testcase name="Verifying_supress_amazon_Slotid_feed1_preroladcall_USA_CCPA_Privacy_DoNotSellMyInformation" time="0.421" classname="twc.Regression.TestCases.USA_CCPA_Run"/>
  <testcase name="Verifying_SOD_Cust_Param_homescreenmarquee_adCall_USA_CCPA_Privacy_StandardAdvertisingSettings" time="0.034" classname="twc.Regression.TestCases.USA_CCPA_Run"/>
  <testcase name="Verifying_presence_amazon_Slotid_Hourly1_bigaddetails_preload_adcall_USA_CCPA_Privacy_StandardAdvertisingSettings" time="0.034" classname="twc.Regression.TestCases.USA_CCPA_Run"/>
</testsuite> <!-- twc.Regression.TestCases.USA_CCPA_Run -->
