<?xml version="1.0" encoding="UTF-8"?>
<!-- Generated by org.testng.reporters.JUnitReportReporter -->
<testsuite hostname="iosbuildserver.attlocal.net" name="twc.Regression.TestCases.LGPD_Run" tests="20" failures="0" timestamp="20 Aug 2020 17:47:31 GMT" time="184.665" errors="0">
  <testcase name="preConditionsTest_for_LGPD" time="177.744" classname="twc.Regression.TestCases.LGPD_Run"/>
  <testcase name="Verifying_supress_amazon_Slotid_video_adcall_LGPDPrivacy" time="0.299" classname="twc.Regression.TestCases.LGPD_Run"/>
  <testcase name="Verifying_supress_amazon_Slotid_feed1_preroladcall_LGPDPrivacy" time="0.345" classname="twc.Regression.TestCases.LGPD_Run"/>
  <testcase name="Verifying_Supress_amazon_Slotid_Hourly1_bigaddetails_preload_adcall_LGPDPrivacy" time="0.329" classname="twc.Regression.TestCases.LGPD_Run"/>
  <testcase name="Verifying_npa_equals_1_homescreenmarquee_adCall_LGPD_Privacy" time="0.263" classname="twc.Regression.TestCases.LGPD_Run"/>
  <testcase name="Verifying_supress_amazon_Slotid_feed2_preroladcall_LGPDPrivacy" time="0.560" classname="twc.Regression.TestCases.LGPD_Run"/>
  <testcase name="Verifying_supress_amazon_Slotid_mapsdetails_preload_adcall_LGPDPrivacy" time="0.275" classname="twc.Regression.TestCases.LGPD_Run"/>
  <testcase name="Verifying_npa_equals_1_homescreenHourly_adCall_LGPD_Privacy" time="0.315" classname="twc.Regression.TestCases.LGPD_Run"/>
  <testcase name="Verifying_Supress_amazon_Slotid_homescreenhourly_preload_adcall_LGPDPrivacy" time="0.443" classname="twc.Regression.TestCases.LGPD_Run"/>
  <testcase name="Verifying_Factual_locationwfxtriggerscom_apiCall_supressing_LGPD_Privacy" time="0.388" classname="twc.Regression.TestCases.LGPD_Run"/>
  <testcase name="Verifying_Loatme_bcpcrwdcntrlnet_apiCall_supressing_LGPD_Privacy" time="0.634" classname="twc.Regression.TestCases.LGPD_Run"/>
  <testcase name="Verifying_videos_adCall_Presence_LGPDprivacy" time="0.285" classname="twc.Regression.TestCases.LGPD_Run"/>
  <testcase name="Verifying_npa_equals_1_videos_adCall_LGPD_Privacy" time="0.267" classname="twc.Regression.TestCases.LGPD_Run"/>
  <testcase name="Verifying_supress_amazon_Slotid_Dailydetails_preload_adcall_LGPDPrivacy" time="0.284" classname="twc.Regression.TestCases.LGPD_Run"/>
  <testcase name="Verifying_supress_amazon_Slotid_Hourly3_bigaddetails_preload_adcall_LGPDPrivacy" time="0.353" classname="twc.Regression.TestCases.LGPD_Run"/>
  <testcase name="Verifying_homescreenmarquee_adCall_Presence_LGPDprivacy" time="0.256" classname="twc.Regression.TestCases.LGPD_Run"/>
  <testcase name="Verifying_Supress_amazon_Slotid_Hourlydetails_preload_adcall_LGPDPrivacy" time="0.268" classname="twc.Regression.TestCases.LGPD_Run"/>
  <testcase name="Verifying_homescreenhourly_adCall_Presence_LGPDprivacy" time="0.290" classname="twc.Regression.TestCases.LGPD_Run"/>
  <testcase name="Verifying_supress_amazon_Slotid_Hourly2_bigaddetails_preload_adcall_LGPDPrivacy" time="0.273" classname="twc.Regression.TestCases.LGPD_Run"/>
  <testcase name="Verifying_Loatme_adcrwdcntrlnet_apiCall_supressing_LGPD_Privacy" time="0.794" classname="twc.Regression.TestCases.LGPD_Run"/>
</testsuite> <!-- twc.Regression.TestCases.LGPD_Run -->
