<?xml version="1.0" encoding="UTF-8"?>
<!-- Generated by org.testng.reporters.JUnitReportReporter -->
<testsuite hostname="iosbuildserver.attlocal.net" name="twc.Regression.TestCases.USA_Run" tests="49" failures="1" timestamp="21 Aug 2020 07:36:26 GMT" time="1041.416" errors="1">
  <testcase name="Verifying_supress_amazon_Slotid_Hourly3_bigaddetails_preload_adcall_USA_Privacy_DoNotSellMyInformation" time="0.193" classname="twc.Regression.TestCases.USA_Run"/>
  <testcase name="Verifying_rdp_equals_1_homescreenmarquee_adCall_USA_Privacy_DoNotSellMyInformation" time="0.147" classname="twc.Regression.TestCases.USA_Run"/>
  <testcase name="Verifying_homescreenmarquee_adCall_Presence_USA_Privacy_StandardAdvertisingSettings" time="0.088" classname="twc.Regression.TestCases.USA_Run"/>
  <testcase name="Verifying_presence_amazon_Slotid_video_adcall_USA_Privacy_StandardAdvertisingSettings" time="0.196" classname="twc.Regression.TestCases.USA_Run"/>
  <testcase name="Verifying_SOD_Cust_Param_homescreenmarquee_adCall_USA_Privacy_DoNotSellMyInformation" time="0.197" classname="twc.Regression.TestCases.USA_Run"/>
  <testcase name="Selecting_DoNotSellMyInformation_scenario" time="149.113" classname="twc.Regression.TestCases.USA_Run"/>
  <testcase name="Verifying_supress_amazon_Slotid_Dailydetails_preload_adcall_USA_Privacy_DoNotSellMyInformation" time="0.172" classname="twc.Regression.TestCases.USA_Run"/>
  <testcase name="Verifying_Factual_locationwfxtriggerscom_apiCall_presence_USA_Privacy_StandardAdvertisingSettings" time="37.972" classname="twc.Regression.TestCases.USA_Run">
    <failure type="java.lang.AssertionError" message="https://location.wfxtriggers.com url was not trigred">
      <![CDATA[java.lang.AssertionError: https://location.wfxtriggers.com url was not trigred
	at org.testng.Assert.fail(Assert.java:94)
	at twc.Regression.General.Functions.validating_Fatualcall_privacy_Optinmode_scenarion(Functions.java:3934)
	at twc.Regression.TestCases.USA_Run.Verifying_Factual_locationwfxtriggerscom_apiCall_presence_USA_Privacy_StandardAdvertisingSettings(USA_Run.java:397)
	at sun.reflect.NativeMethodAccessorImpl.invoke0(Native Method)
	at sun.reflect.NativeMethodAccessorImpl.invoke(NativeMethodAccessorImpl.java:62)
	at sun.reflect.DelegatingMethodAccessorImpl.invoke(DelegatingMethodAccessorImpl.java:43)
	at java.lang.reflect.Method.invoke(Method.java:498)
	at org.testng.internal.MethodInvocationHelper.invokeMethod(MethodInvocationHelper.java:85)
	at org.testng.internal.Invoker.invokeMethod(Invoker.java:659)
	at org.testng.internal.Invoker.invokeTestMethod(Invoker.java:845)
	at org.testng.internal.Invoker.invokeTestMethods(Invoker.java:1153)
	at org.testng.internal.TestMethodWorker.invokeTestMethods(TestMethodWorker.java:125)
	at org.testng.internal.TestMethodWorker.run(TestMethodWorker.java:108)
	at org.testng.TestRunner.privateRun(TestRunner.java:771)
	at org.testng.TestRunner.run(TestRunner.java:621)
	at org.testng.SuiteRunner.runTest(SuiteRunner.java:357)
	at org.testng.SuiteRunner.runSequentially(SuiteRunner.java:352)
	at org.testng.SuiteRunner.privateRun(SuiteRunner.java:310)
	at org.testng.SuiteRunner.run(SuiteRunner.java:259)
	at org.testng.SuiteRunnerWorker.runSuite(SuiteRunnerWorker.java:52)
	at org.testng.SuiteRunnerWorker.run(SuiteRunnerWorker.java:86)
	at org.testng.TestNG.runSuitesSequentially(TestNG.java:1199)
	at org.testng.TestNG.runSuitesLocally(TestNG.java:1124)
	at org.testng.TestNG.run(TestNG.java:1032)
	at org.testng.remote.AbstractRemoteTestNG.run(AbstractRemoteTestNG.java:132)
	at org.testng.remote.RemoteTestNG.initAndRun(RemoteTestNG.java:236)
	at org.testng.remote.RemoteTestNG.main(RemoteTestNG.java:81)
]]>
    </failure>
  </testcase> <!-- Verifying_Factual_locationwfxtriggerscom_apiCall_presence_USA_Privacy_StandardAdvertisingSettings -->
  <testcase name="Verifying_supress_amazon_Slotid_feed1_preroladcall_USA_Privacy_DoNotSellMyInformation" time="0.239" classname="twc.Regression.TestCases.USA_Run"/>
  <testcase name="Verifying_rdp_equals_1_homescreenHourly_adCall_USA_Privacy_DoNotSellMyInformation" time="0.197" classname="twc.Regression.TestCases.USA_Run"/>
  <testcase name="Verifying_Supress_amazon_Slotid_Hourly1_bigaddetails_preload_adcall_USA_Privacy_DoNotSellMyInformation" time="0.300" classname="twc.Regression.TestCases.USA_Run"/>
  <testcase name="Verifying_rdp_equals_1_Videos_adCall_USA_Privacy_DoNotSellMyInformation" time="0.216" classname="twc.Regression.TestCases.USA_Run"/>
  <testcase name="Verifying_SOD_Cust_Param_videos_adCall_USA_Privacy_DoNotSellMyInformation" time="0.162" classname="twc.Regression.TestCases.USA_Run"/>
  <testcase name="Verifying_SOD_Cust_Param_homescreenmarquee_adCall_USA_Privacy_StandardAdvertisingSettings" time="0.101" classname="twc.Regression.TestCases.USA_Run"/>
  <testcase name="Verifying_supress_amazon_Slotid_feed2_preroladcall_USA_Privacy_DoNotSellMyInformation" time="0.278" classname="twc.Regression.TestCases.USA_Run"/>
  <testcase name="Verifying_presence_amazon_Slotid_Dailydetails_preload_adcall_USA_Privacy_StandardAdvertisingSettings" time="0.093" classname="twc.Regression.TestCases.USA_Run"/>
  <testcase name="Verifying_supress_amazon_Slotid_mapsdetails_preload_adcall_USA_Privacy_DoNotSellMyInformation" time="0.296" classname="twc.Regression.TestCases.USA_Run"/>
  <testcase name="Verifying_presence_amazon_Slotid_mapsdetails_preload_adcall_USA_Privacy_StandardAdvertisingSettings" time="0.188" classname="twc.Regression.TestCases.USA_Run"/>
  <testcase name="Verifying_rdp_keyword_supress_homescreenmarquee_adCall_USA_Privacy_StandardAdvertisingSettings" time="0.095" classname="twc.Regression.TestCases.USA_Run"/>
  <testcase name="Smoke_Test_Selecting_Optin_mode_scenario" time="375.155" classname="twc.Regression.TestCases.USA_Run"/>
  <testcase name="Verifying_Loatme_bcpcrwdcntrlnet_apiCall_presence_USA_Privacy_StandardAdvertisingSettings" time="50.673" classname="twc.Regression.TestCases.USA_Run"/>
  <testcase name="Verifying_Supress_amazon_Slotid_Hourlydetails_preload_adcall_USA_Privacy_DoNotSellMyInformation" time="0.280" classname="twc.Regression.TestCases.USA_Run"/>
  <testcase name="Verifying_presence_amazon_Slotid_homescreenhourly_preload_adcall_USA_Privacy_StandardAdvertisingSettings" time="0.101" classname="twc.Regression.TestCases.USA_Run"/>
  <testcase name="Verifying_SOD_Cust_Param_mapsdetails_adCall_USA_Privacy_DoNotSellMyInformation" time="0.172" classname="twc.Regression.TestCases.USA_Run"/>
  <testcase name="Verifying_video_adCall_Presence_USA_Privacy_StandardAdvertisingSettings" time="0.099" classname="twc.Regression.TestCases.USA_Run"/>
  <testcase name="preConditionsTest_for_USA" time="171.446" classname="twc.Regression.TestCases.USA_Run"/>
  <testcase name="Verifying_presence_amazon_Slotid_Hourly2_bigaddetails_preload_adcall_USA_Privacy_StandardAdvertisingSettings" time="0.091" classname="twc.Regression.TestCases.USA_Run"/>
  <testcase name="Verifying_SOD_Cust_Param_mapsdetails_adCall_USA_Privacy_StandardAdvertisingSettings" time="0.115" classname="twc.Regression.TestCases.USA_Run"/>
  <testcase name="Verifying_PrivacyCard_PresenceonScreen" time="215.089" classname="twc.Regression.TestCases.USA_Run"/>
  <testcase name="Verifying_Factual_locationwfxtriggerscom_apiCall_supressing_USA_Privacy_DoNotSellMyInformation" time="0.333" classname="twc.Regression.TestCases.USA_Run"/>
  <testcase name="Verifying_presence_amazon_Slotid_feed1_preroladcall_USA_Privacy_StandardAdvertisingSettings" time="0.207" classname="twc.Regression.TestCases.USA_Run"/>
  <testcase name="Verifying_homescreenhourly_adCall_Presence_USA_Privacy_StandardAdvertisingSettings" time="0.098" classname="twc.Regression.TestCases.USA_Run"/>
  <testcase name="Verifying_presence_amazon_Slotid_Hourlydetails_preload_adcall_USA_Privacy_StandardAdvertisingSettings" time="0.100" classname="twc.Regression.TestCases.USA_Run"/>
  <testcase name="Verifying_rdp_keyword_supress_homescreenHourly_adCall_USA_Privacy_StandardAdvertisingSettings" time="0.091" classname="twc.Regression.TestCases.USA_Run"/>
  <testcase name="Verifying_videos_adCall_Presence_USA_Privacy_DoNotSellMyInformation" time="0.172" classname="twc.Regression.TestCases.USA_Run"/>
  <testcase name="Verifying_presence_amazon_Slotid_Hourly1_bigaddetails_preload_adcall_USA_Privacy_StandardAdvertisingSettings" time="0.113" classname="twc.Regression.TestCases.USA_Run"/>
  <testcase name="Smoke_Test_Verifying_SOD_Cust_Param_videoad_Optin_mode_scenario" time="0.103" classname="twc.Regression.TestCases.USA_Run"/>
  <testcase name="Verifying_SOD_Cust_Param_homescreenhourly_adCall_USA_Privacy_DoNotSellMyInformation" time="0.184" classname="twc.Regression.TestCases.USA_Run"/>
  <testcase name="Verifying_rdp_keyword_supress_videos_Call_USA_Privacy_StandardAdvertisingSettings" time="0.119" classname="twc.Regression.TestCases.USA_Run"/>
  <testcase name="Verifying_Loatme_adcrwdcntrlnet_apiCall_supressing_USA_Privacy_DoNotSellMyInformation" time="34.676" classname="twc.Regression.TestCases.USA_Run">
    <error type="java.lang.NullPointerException">
      <![CDATA[java.lang.NullPointerException
	at twc.Regression.HandleWithCharles.CharlesFunctions.ExportSession(CharlesFunctions.java:586)
	at twc.Regression.TestCases.USA_Run.Verifying_Loatme_adcrwdcntrlnet_apiCall_supressing_USA_Privacy_DoNotSellMyInformation(USA_Run.java:116)
	at sun.reflect.NativeMethodAccessorImpl.invoke0(Native Method)
	at sun.reflect.NativeMethodAccessorImpl.invoke(NativeMethodAccessorImpl.java:62)
	at sun.reflect.DelegatingMethodAccessorImpl.invoke(DelegatingMethodAccessorImpl.java:43)
	at java.lang.reflect.Method.invoke(Method.java:498)
	at org.testng.internal.MethodInvocationHelper.invokeMethod(MethodInvocationHelper.java:85)
	at org.testng.internal.Invoker.invokeMethod(Invoker.java:659)
	at org.testng.internal.Invoker.invokeTestMethod(Invoker.java:845)
	at org.testng.internal.Invoker.invokeTestMethods(Invoker.java:1153)
	at org.testng.internal.TestMethodWorker.invokeTestMethods(TestMethodWorker.java:125)
	at org.testng.internal.TestMethodWorker.run(TestMethodWorker.java:108)
	at org.testng.TestRunner.privateRun(TestRunner.java:771)
	at org.testng.TestRunner.run(TestRunner.java:621)
	at org.testng.SuiteRunner.runTest(SuiteRunner.java:357)
	at org.testng.SuiteRunner.runSequentially(SuiteRunner.java:352)
	at org.testng.SuiteRunner.privateRun(SuiteRunner.java:310)
	at org.testng.SuiteRunner.run(SuiteRunner.java:259)
	at org.testng.SuiteRunnerWorker.runSuite(SuiteRunnerWorker.java:52)
	at org.testng.SuiteRunnerWorker.run(SuiteRunnerWorker.java:86)
	at org.testng.TestNG.runSuitesSequentially(TestNG.java:1199)
	at org.testng.TestNG.runSuitesLocally(TestNG.java:1124)
	at org.testng.TestNG.run(TestNG.java:1032)
	at org.testng.remote.AbstractRemoteTestNG.run(AbstractRemoteTestNG.java:132)
	at org.testng.remote.RemoteTestNG.initAndRun(RemoteTestNG.java:236)
	at org.testng.remote.RemoteTestNG.main(RemoteTestNG.java:81)
]]>
    </error>
  </testcase> <!-- Verifying_Loatme_adcrwdcntrlnet_apiCall_supressing_USA_Privacy_DoNotSellMyInformation -->
  <testcase name="Verifying_presence_amazon_Slotid_feed2_preroladcall_USA_Privacy_StandardAdvertisingSettings" time="0.087" classname="twc.Regression.TestCases.USA_Run"/>
  <testcase name="Verifying_Loatme_bcpcrwdcntrlnet_apiCall_supressing_USA_Privacy_DoNotSellMyInformation" time="0.366" classname="twc.Regression.TestCases.USA_Run"/>
  <testcase name="Verifying_presence_amazon_Slotid_Hourly3_bigaddetails_preload_adcall_USA_Privacy_StandardAdvertisingSettings" time="0.119" classname="twc.Regression.TestCases.USA_Run"/>
  <testcase name="Verifying_Supress_amazon_Slotid_homescreenhourly_preload_adcall_USA_Privacy_DoNotSellMyInformation" time="0.331" classname="twc.Regression.TestCases.USA_Run"/>
  <testcase name="Verifying_supress_amazon_Slotid_video_adcall_USA_Privacy_DoNotSellMyInformation" time="0.197" classname="twc.Regression.TestCases.USA_Run"/>
  <testcase name="Verifying_homescreenmarquee_adCall_Presence_USA_Privacy_DoNotSellMyInformation" time="0.228" classname="twc.Regression.TestCases.USA_Run"/>
  <testcase name="Verifying_supress_amazon_Slotid_Hourly2_bigaddetails_preload_adcall_USA_Privacy_DoNotSellMyInformation" time="0.175" classname="twc.Regression.TestCases.USA_Run"/>
  <testcase name="Verifying_SOD_Cust_Param_homescreenhourly_adCall_USA_Privacy_StandardAdvertisingSettings" time="0.104" classname="twc.Regression.TestCases.USA_Run"/>
  <testcase name="Verifying_homescreenhourly_adCall_Presence_USA_Privacy_DoNotSellMyInformation" time="0.149" classname="twc.Regression.TestCases.USA_Run"/>
</testsuite> <!-- twc.Regression.TestCases.USA_Run -->
