<?xml version="1.0" encoding="UTF-8"?>
<!-- Generated by org.testng.reporters.JUnitReportReporter -->
<testsuite hostname="Aswinikumars-MacBook-Pro.local" name="twc.Regression.TestCases.GDPR_Run" tests="14" failures="0" timestamp="19 Aug 2020 13:25:48 GMT" time="610.892" errors="0">
  <testcase name="Verifying_supress_amazon_Slotid_feed2_preroladcall_GDPRPrivacy" time="0.009" classname="twc.Regression.TestCases.GDPR_Run"/>
  <testcase name="preConditionsTest_for_GDPR" time="610.582" classname="twc.Regression.TestCases.GDPR_Run"/>
  <testcase name="Verifying_supress_amazon_Slotid_feed1_preroladcall_GDPRPrivacy" time="0.011" classname="twc.Regression.TestCases.GDPR_Run"/>
  <testcase name="Verifying_supress_amazon_Slotid_Hourly2_bigaddetails_preload_adcall_GDPRPrivacy" time="0.010" classname="twc.Regression.TestCases.GDPR_Run"/>
  <testcase name="Verifying_supress_amazon_Slotid_Hourly3_bigaddetails_preload_adcall_GDPRPrivacy" time="0.009" classname="twc.Regression.TestCases.GDPR_Run"/>
  <testcase name="Verifying_Supress_amazon_Slotid_Hourlydetails_preload_adcall_GDPRPrivacy" time="0.011" classname="twc.Regression.TestCases.GDPR_Run"/>
  <testcase name="Verifying_Supress_amazon_Slotid_Hourly1_bigaddetails_preload_adcall_GDPRPrivacy" time="0.011" classname="twc.Regression.TestCases.GDPR_Run"/>
  <testcase name="Verifying_supress_amazon_Slotid_Dailydetails_preload_adcall_GDPRPrivacy" time="0.010" classname="twc.Regression.TestCases.GDPR_Run"/>
  <testcase name="Verifying_supress_amazon_Slotid_video_adcall_GDPRPrivacy" time="0.007" classname="twc.Regression.TestCases.GDPR_Run"/>
  <testcase name="Verifying_Loatme_adcrwdcntrlnet_apiCall_supressing_GDPR_Privacy" time="0.175" classname="twc.Regression.TestCases.GDPR_Run"/>
  <testcase name="Verifying_Supress_amazon_Slotid_homescreenhourly_preload_adcall_GDPRPrivacy" time="0.011" classname="twc.Regression.TestCases.GDPR_Run"/>
  <testcase name="Verifying_supress_amazon_Slotid_mapsdetails_preload_adcall_GDPRPrivacy" time="0.012" classname="twc.Regression.TestCases.GDPR_Run"/>
  <testcase name="Verifying_Loatme_bcpcrwdcntrlnet_apiCall_supressing_GDPR_Privacy" time="0.014" classname="twc.Regression.TestCases.GDPR_Run"/>
  <testcase name="Verifying_Factual_locationwfxtriggerscom_apiCall_supressing_GDPR_Privacy" time="0.020" classname="twc.Regression.TestCases.GDPR_Run"/>
</testsuite> <!-- twc.Regression.TestCases.GDPR_Run -->
