<?xml version="1.0" encoding="UTF-8"?>
<!-- Generated by org.testng.reporters.JUnitReportReporter -->
<testsuite hostname="iosbuildserver.attlocal.net" name="twc.Regression.TestCases.LGPD_Run" tests="20" failures="0" timestamp="20 Aug 2020 21:14:12 GMT" time="165.019" errors="0">
  <testcase name="Verifying_supress_amazon_Slotid_Dailydetails_preload_adcall_LGPDPrivacy" time="0.275" classname="twc.Regression.TestCases.LGPD_Run"/>
  <testcase name="Verifying_Loatme_adcrwdcntrlnet_apiCall_supressing_LGPD_Privacy" time="0.631" classname="twc.Regression.TestCases.LGPD_Run"/>
  <testcase name="Verifying_homescreenhourly_adCall_Presence_LGPDprivacy" time="0.219" classname="twc.Regression.TestCases.LGPD_Run"/>
  <testcase name="Verifying_Supress_amazon_Slotid_homescreenhourly_preload_adcall_LGPDPrivacy" time="0.239" classname="twc.Regression.TestCases.LGPD_Run"/>
  <testcase name="Verifying_supress_amazon_Slotid_Hourly2_bigaddetails_preload_adcall_LGPDPrivacy" time="0.254" classname="twc.Regression.TestCases.LGPD_Run"/>
  <testcase name="preConditionsTest_for_LGPD" time="159.213" classname="twc.Regression.TestCases.LGPD_Run"/>
  <testcase name="Verifying_Supress_amazon_Slotid_Hourly1_bigaddetails_preload_adcall_LGPDPrivacy" time="0.333" classname="twc.Regression.TestCases.LGPD_Run"/>
  <testcase name="Verifying_supress_amazon_Slotid_Hourly3_bigaddetails_preload_adcall_LGPDPrivacy" time="0.303" classname="twc.Regression.TestCases.LGPD_Run"/>
  <testcase name="Verifying_supress_amazon_Slotid_mapsdetails_preload_adcall_LGPDPrivacy" time="0.215" classname="twc.Regression.TestCases.LGPD_Run"/>
  <testcase name="Verifying_npa_equals_1_videos_adCall_LGPD_Privacy" time="0.241" classname="twc.Regression.TestCases.LGPD_Run"/>
  <testcase name="Verifying_Loatme_bcpcrwdcntrlnet_apiCall_supressing_LGPD_Privacy" time="0.414" classname="twc.Regression.TestCases.LGPD_Run"/>
  <testcase name="Verifying_supress_amazon_Slotid_video_adcall_LGPDPrivacy" time="0.312" classname="twc.Regression.TestCases.LGPD_Run"/>
  <testcase name="Verifying_homescreenmarquee_adCall_Presence_LGPDprivacy" time="0.262" classname="twc.Regression.TestCases.LGPD_Run"/>
  <testcase name="Verifying_npa_equals_1_homescreenHourly_adCall_LGPD_Privacy" time="0.368" classname="twc.Regression.TestCases.LGPD_Run"/>
  <testcase name="Verifying_npa_equals_1_homescreenmarquee_adCall_LGPD_Privacy" time="0.212" classname="twc.Regression.TestCases.LGPD_Run"/>
  <testcase name="Verifying_videos_adCall_Presence_LGPDprivacy" time="0.277" classname="twc.Regression.TestCases.LGPD_Run"/>
  <testcase name="Verifying_Factual_locationwfxtriggerscom_apiCall_supressing_LGPD_Privacy" time="0.435" classname="twc.Regression.TestCases.LGPD_Run"/>
  <testcase name="Verifying_Supress_amazon_Slotid_Hourlydetails_preload_adcall_LGPDPrivacy" time="0.306" classname="twc.Regression.TestCases.LGPD_Run"/>
  <testcase name="Verifying_supress_amazon_Slotid_feed2_preroladcall_LGPDPrivacy" time="0.271" classname="twc.Regression.TestCases.LGPD_Run"/>
  <testcase name="Verifying_supress_amazon_Slotid_feed1_preroladcall_LGPDPrivacy" time="0.239" classname="twc.Regression.TestCases.LGPD_Run"/>
</testsuite> <!-- twc.Regression.TestCases.LGPD_Run -->
