<?xml version="1.0" encoding="UTF-8"?>
<!-- Generated by org.testng.reporters.JUnitReportReporter -->
<testsuite hostname="iosbuildserver.attlocal.net" name="twc.Regression.TestCases.GDPR_Run" tests="14" failures="0" timestamp="20 Aug 2020 21:14:12 GMT" time="872.512" errors="0">
  <testcase name="preConditionsTest_for_GDPR" time="871.714" classname="twc.Regression.TestCases.GDPR_Run"/>
  <testcase name="Verifying_supress_amazon_Slotid_Dailydetails_preload_adcall_GDPRPrivacy" time="0.036" classname="twc.Regression.TestCases.GDPR_Run"/>
  <testcase name="Verifying_supress_amazon_Slotid_mapsdetails_preload_adcall_GDPRPrivacy" time="0.039" classname="twc.Regression.TestCases.GDPR_Run"/>
  <testcase name="Verifying_supress_amazon_Slotid_Hourly3_bigaddetails_preload_adcall_GDPRPrivacy" time="0.028" classname="twc.Regression.TestCases.GDPR_Run"/>
  <testcase name="Verifying_Loatme_adcrwdcntrlnet_apiCall_supressing_GDPR_Privacy" time="0.168" classname="twc.Regression.TestCases.GDPR_Run"/>
  <testcase name="Verifying_Supress_amazon_Slotid_Hourlydetails_preload_adcall_GDPRPrivacy" time="0.057" classname="twc.Regression.TestCases.GDPR_Run"/>
  <testcase name="Verifying_Loatme_bcpcrwdcntrlnet_apiCall_supressing_GDPR_Privacy" time="0.074" classname="twc.Regression.TestCases.GDPR_Run"/>
  <testcase name="Verifying_supress_amazon_Slotid_feed1_preroladcall_GDPRPrivacy" time="0.038" classname="twc.Regression.TestCases.GDPR_Run"/>
  <testcase name="Verifying_Supress_amazon_Slotid_homescreenhourly_preload_adcall_GDPRPrivacy" time="0.041" classname="twc.Regression.TestCases.GDPR_Run"/>
  <testcase name="Verifying_Factual_locationwfxtriggerscom_apiCall_supressing_GDPR_Privacy" time="0.122" classname="twc.Regression.TestCases.GDPR_Run"/>
  <testcase name="Verifying_Supress_amazon_Slotid_Hourly1_bigaddetails_preload_adcall_GDPRPrivacy" time="0.048" classname="twc.Regression.TestCases.GDPR_Run"/>
  <testcase name="Verifying_supress_amazon_Slotid_feed2_preroladcall_GDPRPrivacy" time="0.047" classname="twc.Regression.TestCases.GDPR_Run"/>
  <testcase name="Verifying_supress_amazon_Slotid_video_adcall_GDPRPrivacy" time="0.056" classname="twc.Regression.TestCases.GDPR_Run"/>
  <testcase name="Verifying_supress_amazon_Slotid_Hourly2_bigaddetails_preload_adcall_GDPRPrivacy" time="0.044" classname="twc.Regression.TestCases.GDPR_Run"/>
</testsuite> <!-- twc.Regression.TestCases.GDPR_Run -->
